# JRE version: Java(TM) SE Runtime Environment (16.0.1+9) (build 16.0.1+9-24)
# Java VM: Java HotSpot(TM) 64-Bit Server VM (16.0.1+9-24, mixed mode, sharing, tiered, compressed oops, compressed class ptrs, g1 gc, windows-amd64)
GC Precious Log:
 CPUs: 8 total, 8 available
 Memory: 8102M
 Large Page Support: Disabled
 NUMA Support: Disabled
 Compressed Oops: Enabled (32-bit)
 Heap Region Size: 1M
 Heap Min Capacity: 8M
 Heap Initial Capacity: 128M
 Heap Max Capacity: 2026M
 Pre-touch: Disabled
 Parallel Workers: 8
 Concurrent Workers: 2
 Concurrent Refinement Workers: 8
 Periodic GC: Disabled
Heap:
 garbage-first heap   total 307200K, used 225880K [0x0000000081600000, 0x0000000100000000)
  region size 1024K, 111 young (113664K), 11 survivors (11264K)
 Metaspace       used 34372K, committed 34816K, reserved 1081344K
  class space    used 4934K, committed 5120K, reserved 1048576K
GC Heap History (20 events):
Event: 238.647 GC heap before
{Heap before GC invocations=705 (full 0):
 garbage-first heap   total 307200K, used 252154K [0x0000000081600000, 0x0000000100000000)
  region size 1024K, 135 young (138240K), 11 survivors (11264K)
 Metaspace       used 33989K, committed 34368K, reserved 1081344K
  class space    used 4874K, committed 5056K, reserved 1048576K
}
Event: 238.652 GC heap after
{Heap after GC invocations=706 (full 0):
 garbage-first heap   total 307200K, used 125465K [0x0000000081600000, 0x0000000100000000)
  region size 1024K, 12 young (12288K), 12 survivors (12288K)
 Metaspace       used 33989K, committed 34368K, reserved 1081344K
  class space    used 4874K, committed 5056K, reserved 1048576K
}
Event: 238.947 GC heap before
{Heap before GC invocations=706 (full 0):
 garbage-first heap   total 307200K, used 251417K [0x0000000081600000, 0x0000000100000000)
  region size 1024K, 135 young (138240K), 12 survivors (12288K)
 Metaspace       used 33989K, committed 34368K, reserved 1081344K
  class space    used 4874K, committed 5056K, reserved 1048576K
}
Event: 238.952 GC heap after
{Heap after GC invocations=707 (full 0):
 garbage-first heap   total 307200K, used 124747K [0x0000000081600000, 0x0000000100000000)
  region size 1024K, 11 young (11264K), 11 survivors (11264K)
 Metaspace       used 33989K, committed 34368K, reserved 1081344K
  class space    used 4874K, committed 5056K, reserved 1048576K
}
Event: 239.247 GC heap before
{Heap before GC invocations=707 (full 0):
 garbage-first heap   total 307200K, used 251723K [0x0000000081600000, 0x0000000100000000)
  region size 1024K, 135 young (138240K), 11 survivors (11264K)
 Metaspace       used 33989K, committed 34368K, reserved 1081344K
  class space    used 4874K, committed 5056K, reserved 1048576K
}
Event: 239.252 GC heap after
{Heap after GC invocations=708 (full 0):
 garbage-first heap   total 307200K, used 125180K [0x0000000081600000, 0x0000000100000000)
  region size 1024K, 11 young (11264K), 11 survivors (11264K)
 Metaspace       used 33989K, committed 34368K, reserved 1081344K
  class space    used 4874K, committed 5056K, reserved 1048576K
}
Event: 239.548 GC heap before
{Heap before GC invocations=708 (full 0):
 garbage-first heap   total 307200K, used 252156K [0x0000000081600000, 0x0000000100000000)
  region size 1024K, 135 young (138240K), 11 survivors (11264K)
 Metaspace       used 33989K, committed 34368K, reserved 1081344K
  class space    used 4874K, committed 5056K, reserved 1048576K
}
Event: 239.553 GC heap after
{Heap after GC invocations=709 (full 0):
 garbage-first heap   total 307200K, used 125475K [0x0000000081600000, 0x0000000100000000)
  region size 1024K, 12 young (12288K), 12 survivors (12288K)
 Metaspace       used 33989K, committed 34368K, reserved 1081344K
  class space    used 4874K, committed 5056K, reserved 1048576K
}
Event: 239.848 GC heap before
{Heap before GC invocations=709 (full 0):
 garbage-first heap   total 307200K, used 251427K [0x0000000081600000, 0x0000000100000000)
  region size 1024K, 135 young (138240K), 12 survivors (12288K)
 Metaspace       used 33989K, committed 34368K, reserved 1081344K
  class space    used 4874K, committed 5056K, reserved 1048576K
}
Event: 239.853 GC heap after
{Heap after GC invocations=710 (full 0):
 garbage-first heap   total 307200K, used 125183K [0x0000000081600000, 0x0000000100000000)
  region size 1024K, 11 young (11264K), 11 survivors (11264K)
 Metaspace       used 33989K, committed 34368K, reserved 1081344K
  class space    used 4874K, committed 5056K, reserved 1048576K
}
Event: 240.148 GC heap before
{Heap before GC invocations=710 (full 0):
 garbage-first heap   total 307200K, used 252159K [0x0000000081600000, 0x0000000100000000)
  region size 1024K, 135 young (138240K), 11 survivors (11264K)
 Metaspace       used 33989K, committed 34368K, reserved 1081344K
  class space    used 4874K, committed 5056K, reserved 1048576K
}
Event: 240.153 GC heap after
{Heap after GC invocations=711 (full 0):
 garbage-first heap   total 307200K, used 125183K [0x0000000081600000, 0x0000000100000000)
  region size 1024K, 11 young (11264K), 11 survivors (11264K)
 Metaspace       used 33989K, committed 34368K, reserved 1081344K
  class space    used 4874K, committed 5056K, reserved 1048576K
}
Event: 240.448 GC heap before
{Heap before GC invocations=711 (full 0):
 garbage-first heap   total 307200K, used 252159K [0x0000000081600000, 0x0000000100000000)
  region size 1024K, 135 young (138240K), 11 survivors (11264K)
 Metaspace       used 33989K, committed 34368K, reserved 1081344K
  class space    used 4874K, committed 5056K, reserved 1048576K
}
Event: 240.454 GC heap after
{Heap after GC invocations=712 (full 0):
 garbage-first heap   total 307200K, used 125482K [0x0000000081600000, 0x0000000100000000)
  region size 1024K, 12 young (12288K), 12 survivors (12288K)
 Metaspace       used 33989K, committed 34368K, reserved 1081344K
  class space    used 4874K, committed 5056K, reserved 1048576K
}
Event: 240.748 GC heap before
{Heap before GC invocations=712 (full 0):
 garbage-first heap   total 307200K, used 251434K [0x0000000081600000, 0x0000000100000000)
  region size 1024K, 135 young (138240K), 12 survivors (12288K)
 Metaspace       used 33989K, committed 34368K, reserved 1081344K
  class space    used 4874K, committed 5056K, reserved 1048576K
}
Event: 240.753 GC heap after
{Heap after GC invocations=713 (full 0):
 garbage-first heap   total 307200K, used 125185K [0x0000000081600000, 0x0000000100000000)
  region size 1024K, 11 young (11264K), 11 survivors (11264K)
 Metaspace       used 33989K, committed 34368K, reserved 1081344K
  class space    used 4874K, committed 5056K, reserved 1048576K
}
Event: 241.048 GC heap before
{Heap before GC invocations=713 (full 0):
 garbage-first heap   total 307200K, used 252161K [0x0000000081600000, 0x0000000100000000)
  region size 1024K, 135 young (138240K), 11 survivors (11264K)
 Metaspace       used 34007K, committed 34368K, reserved 1081344K
  class space    used 4880K, committed 5056K, reserved 1048576K
}
Event: 241.053 GC heap after
{Heap after GC invocations=714 (full 0):
 garbage-first heap   total 307200K, used 125481K [0x0000000081600000, 0x0000000100000000)
  region size 1024K, 12 young (12288K), 12 survivors (12288K)
 Metaspace       used 34007K, committed 34368K, reserved 1081344K
  class space    used 4880K, committed 5056K, reserved 1048576K
}
Event: 241.349 GC heap before
{Heap before GC invocations=714 (full 0):
 garbage-first heap   total 307200K, used 251433K [0x0000000081600000, 0x0000000100000000)
  region size 1024K, 135 young (138240K), 12 survivors (12288K)
 Metaspace       used 34017K, committed 34368K, reserved 1081344K
  class space    used 4883K, committed 5056K, reserved 1048576K
}
Event: 241.354 GC heap after
{Heap after GC invocations=715 (full 0):
 garbage-first heap   total 307200K, used 124504K [0x0000000081600000, 0x0000000100000000)
  region size 1024K, 11 young (11264K), 11 survivors (11264K)
 Metaspace       used 34017K, committed 34368K, reserved 1081344K
  class space    used 4883K, committed 5056K, reserved 1048576K
}

