# JRE version: Java(TM) SE Runtime Environment (16.0.1+9) (build 16.0.1+9-24)
# Java VM: Java HotSpot(TM) 64-Bit Server VM (16.0.1+9-24, mixed mode, sharing, tiered, compressed oops, compressed class ptrs, g1 gc, windows-amd64)
GC Precious Log:
 CPUs: 8 total, 8 available
 Memory: 8102M
 Large Page Support: Disabled
 NUMA Support: Disabled
 Compressed Oops: Enabled (32-bit)
 Heap Region Size: 1M
 Heap Min Capacity: 8M
 Heap Initial Capacity: 128M
 Heap Max Capacity: 2026M
 Pre-touch: Disabled
 Parallel Workers: 8
 Concurrent Workers: 2
 Concurrent Refinement Workers: 8
 Periodic GC: Disabled
Heap:
 garbage-first heap   total 239616K, used 118867K [0x0000000081600000, 0x0000000100000000)
  region size 1024K, 56 young (57344K), 5 survivors (5120K)
 Metaspace       used 36353K, committed 36672K, reserved 1081344K
  class space    used 5059K, committed 5184K, reserved 1048576K
GC Heap History (20 events):
Event: 25.218 GC heap before
{Heap before GC invocations=29 (full 0):
 garbage-first heap   total 239616K, used 155908K [0x0000000081600000, 0x0000000100000000)
  region size 1024K, 94 young (96256K), 8 survivors (8192K)
 Metaspace       used 36089K, committed 36416K, reserved 1081344K
  class space    used 5049K, committed 5184K, reserved 1048576K
}
Event: 25.223 GC heap after
{Heap after GC invocations=30 (full 0):
 garbage-first heap   total 239616K, used 68491K [0x0000000081600000, 0x0000000100000000)
  region size 1024K, 6 young (6144K), 6 survivors (6144K)
 Metaspace       used 36089K, committed 36416K, reserved 1081344K
  class space    used 5049K, committed 5184K, reserved 1048576K
}
Event: 25.753 GC heap before
{Heap before GC invocations=30 (full 0):
 garbage-first heap   total 239616K, used 186251K [0x0000000081600000, 0x0000000100000000)
  region size 1024K, 121 young (123904K), 6 survivors (6144K)
 Metaspace       used 36137K, committed 36480K, reserved 1081344K
  class space    used 5049K, committed 5184K, reserved 1048576K
}
Event: 25.756 GC heap after
{Heap after GC invocations=31 (full 0):
 garbage-first heap   total 239616K, used 68854K [0x0000000081600000, 0x0000000100000000)
  region size 1024K, 6 young (6144K), 6 survivors (6144K)
 Metaspace       used 36137K, committed 36480K, reserved 1081344K
  class space    used 5049K, committed 5184K, reserved 1048576K
}
Event: 26.304 GC heap before
{Heap before GC invocations=31 (full 0):
 garbage-first heap   total 239616K, used 190710K [0x0000000081600000, 0x0000000100000000)
  region size 1024K, 125 young (128000K), 6 survivors (6144K)
 Metaspace       used 36154K, committed 36544K, reserved 1081344K
  class space    used 5049K, committed 5184K, reserved 1048576K
}
Event: 26.307 GC heap after
{Heap after GC invocations=32 (full 0):
 garbage-first heap   total 239616K, used 69259K [0x0000000081600000, 0x0000000100000000)
  region size 1024K, 6 young (6144K), 6 survivors (6144K)
 Metaspace       used 36154K, committed 36544K, reserved 1081344K
  class space    used 5049K, committed 5184K, reserved 1048576K
}
Event: 26.870 GC heap before
{Heap before GC invocations=32 (full 0):
 garbage-first heap   total 239616K, used 193163K [0x0000000081600000, 0x0000000100000000)
  region size 1024K, 127 young (130048K), 6 survivors (6144K)
 Metaspace       used 36174K, committed 36544K, reserved 1081344K
  class space    used 5049K, committed 5184K, reserved 1048576K
}
Event: 26.873 GC heap after
{Heap after GC invocations=33 (full 0):
 garbage-first heap   total 239616K, used 68677K [0x0000000081600000, 0x0000000100000000)
  region size 1024K, 6 young (6144K), 6 survivors (6144K)
 Metaspace       used 36174K, committed 36544K, reserved 1081344K
  class space    used 5049K, committed 5184K, reserved 1048576K
}
Event: 27.438 GC heap before
{Heap before GC invocations=33 (full 0):
 garbage-first heap   total 239616K, used 194629K [0x0000000081600000, 0x0000000100000000)
  region size 1024K, 129 young (132096K), 6 survivors (6144K)
 Metaspace       used 36182K, committed 36544K, reserved 1081344K
  class space    used 5049K, committed 5184K, reserved 1048576K
}
Event: 27.441 GC heap after
{Heap after GC invocations=34 (full 0):
 garbage-first heap   total 239616K, used 69245K [0x0000000081600000, 0x0000000100000000)
  region size 1024K, 6 young (6144K), 6 survivors (6144K)
 Metaspace       used 36182K, committed 36544K, reserved 1081344K
  class space    used 5049K, committed 5184K, reserved 1048576K
}
Event: 28.021 GC heap before
{Heap before GC invocations=34 (full 0):
 garbage-first heap   total 239616K, used 196221K [0x0000000081600000, 0x0000000100000000)
  region size 1024K, 130 young (133120K), 6 survivors (6144K)
 Metaspace       used 36206K, committed 36544K, reserved 1081344K
  class space    used 5049K, committed 5184K, reserved 1048576K
}
Event: 28.024 GC heap after
{Heap after GC invocations=35 (full 0):
 garbage-first heap   total 239616K, used 67639K [0x0000000081600000, 0x0000000100000000)
  region size 1024K, 5 young (5120K), 5 survivors (5120K)
 Metaspace       used 36206K, committed 36544K, reserved 1081344K
  class space    used 5049K, committed 5184K, reserved 1048576K
}
Event: 28.604 GC heap before
{Heap before GC invocations=35 (full 0):
 garbage-first heap   total 239616K, used 197687K [0x0000000081600000, 0x0000000100000000)
  region size 1024K, 132 young (135168K), 5 survivors (5120K)
 Metaspace       used 36260K, committed 36608K, reserved 1081344K
  class space    used 5049K, committed 5184K, reserved 1048576K
}
Event: 28.607 GC heap after
{Heap after GC invocations=36 (full 0):
 garbage-first heap   total 239616K, used 69259K [0x0000000081600000, 0x0000000100000000)
  region size 1024K, 6 young (6144K), 6 survivors (6144K)
 Metaspace       used 36260K, committed 36608K, reserved 1081344K
  class space    used 5049K, committed 5184K, reserved 1048576K
}
Event: 29.188 GC heap before
{Heap before GC invocations=36 (full 0):
 garbage-first heap   total 239616K, used 198283K [0x0000000081600000, 0x0000000100000000)
  region size 1024K, 132 young (135168K), 6 survivors (6144K)
 Metaspace       used 36266K, committed 36608K, reserved 1081344K
  class space    used 5049K, committed 5184K, reserved 1048576K
}
Event: 29.191 GC heap after
{Heap after GC invocations=37 (full 0):
 garbage-first heap   total 239616K, used 69681K [0x0000000081600000, 0x0000000100000000)
  region size 1024K, 7 young (7168K), 7 survivors (7168K)
 Metaspace       used 36266K, committed 36608K, reserved 1081344K
  class space    used 5049K, committed 5184K, reserved 1048576K
}
Event: 29.772 GC heap before
{Heap before GC invocations=37 (full 0):
 garbage-first heap   total 239616K, used 197681K [0x0000000081600000, 0x0000000100000000)
  region size 1024K, 132 young (135168K), 7 survivors (7168K)
 Metaspace       used 36268K, committed 36608K, reserved 1081344K
  class space    used 5049K, committed 5184K, reserved 1048576K
}
Event: 29.775 GC heap after
{Heap after GC invocations=38 (full 0):
 garbage-first heap   total 239616K, used 69173K [0x0000000081600000, 0x0000000100000000)
  region size 1024K, 6 young (6144K), 6 survivors (6144K)
 Metaspace       used 36268K, committed 36608K, reserved 1081344K
  class space    used 5049K, committed 5184K, reserved 1048576K
}
Event: 30.372 GC heap before
{Heap before GC invocations=38 (full 0):
 garbage-first heap   total 239616K, used 199221K [0x0000000081600000, 0x0000000100000000)
  region size 1024K, 133 young (136192K), 6 survivors (6144K)
 Metaspace       used 36282K, committed 36608K, reserved 1081344K
  class space    used 5049K, committed 5184K, reserved 1048576K
}
Event: 30.374 GC heap after
{Heap after GC invocations=39 (full 0):
 garbage-first heap   total 239616K, used 67667K [0x0000000081600000, 0x0000000100000000)
  region size 1024K, 5 young (5120K), 5 survivors (5120K)
 Metaspace       used 36282K, committed 36608K, reserved 1081344K
  class space    used 5049K, committed 5184K, reserved 1048576K
}

