# JRE version: Java(TM) SE Runtime Environment (16.0.1+9) (build 16.0.1+9-24)
# Java VM: Java HotSpot(TM) 64-Bit Server VM (16.0.1+9-24, mixed mode, sharing, tiered, compressed oops, compressed class ptrs, g1 gc, windows-amd64)
GC Precious Log:
 CPUs: 8 total, 8 available
 Memory: 8102M
 Large Page Support: Disabled
 NUMA Support: Disabled
 Compressed Oops: Enabled (32-bit)
 Heap Region Size: 1M
 Heap Min Capacity: 8M
 Heap Initial Capacity: 128M
 Heap Max Capacity: 2026M
 Pre-touch: Disabled
 Parallel Workers: 8
 Concurrent Workers: 2
 Concurrent Refinement Workers: 8
 Periodic GC: Disabled
Heap:
 garbage-first heap   total 126976K, used 66727K [0x0000000081600000, 0x0000000100000000)
  region size 1024K, 6 young (6144K), 1 survivors (1024K)
 Metaspace       used 38833K, committed 39360K, reserved 1089536K
  class space    used 5377K, committed 5632K, reserved 1048576K
GC Heap History (20 events):
Event: 14.995 GC heap before
{Heap before GC invocations=12 (full 0):
 garbage-first heap   total 97280K, used 65643K [0x0000000081600000, 0x0000000100000000)
  region size 1024K, 20 young (20480K), 2 survivors (2048K)
 Metaspace       used 36886K, committed 37312K, reserved 1081344K
  class space    used 5221K, committed 5440K, reserved 1048576K
}
Event: 15.006 GC heap after
{Heap after GC invocations=13 (full 0):
 garbage-first heap   total 97280K, used 56601K [0x0000000081600000, 0x0000000100000000)
  region size 1024K, 3 young (3072K), 3 survivors (3072K)
 Metaspace       used 36886K, committed 37312K, reserved 1081344K
  class space    used 5221K, committed 5440K, reserved 1048576K
}
Event: 16.318 GC heap before
{Heap before GC invocations=13 (full 0):
 garbage-first heap   total 97280K, used 68889K [0x0000000081600000, 0x0000000100000000)
  region size 1024K, 15 young (15360K), 3 survivors (3072K)
 Metaspace       used 37535K, committed 38016K, reserved 1081344K
  class space    used 5286K, committed 5504K, reserved 1048576K
}
Event: 16.327 GC heap after
{Heap after GC invocations=14 (full 0):
 garbage-first heap   total 97280K, used 59499K [0x0000000081600000, 0x0000000100000000)
  region size 1024K, 2 young (2048K), 2 survivors (2048K)
 Metaspace       used 37535K, committed 38016K, reserved 1081344K
  class space    used 5286K, committed 5504K, reserved 1048576K
}
Event: 17.739 GC heap before
{Heap before GC invocations=15 (full 0):
 garbage-first heap   total 102400K, used 71787K [0x0000000081600000, 0x0000000100000000)
  region size 1024K, 14 young (14336K), 2 survivors (2048K)
 Metaspace       used 37775K, committed 38208K, reserved 1081344K
  class space    used 5295K, committed 5504K, reserved 1048576K
}
Event: 17.744 GC heap after
{Heap after GC invocations=16 (full 0):
 garbage-first heap   total 102400K, used 61467K [0x0000000081600000, 0x0000000100000000)
  region size 1024K, 2 young (2048K), 2 survivors (2048K)
 Metaspace       used 37775K, committed 38208K, reserved 1081344K
  class space    used 5295K, committed 5504K, reserved 1048576K
}
Event: 18.076 GC heap before
{Heap before GC invocations=16 (full 0):
 garbage-first heap   total 102400K, used 64539K [0x0000000081600000, 0x0000000100000000)
  region size 1024K, 5 young (5120K), 2 survivors (2048K)
 Metaspace       used 37809K, committed 38272K, reserved 1089536K
  class space    used 5295K, committed 5504K, reserved 1048576K
}
Event: 18.084 GC heap after
{Heap after GC invocations=17 (full 0):
 garbage-first heap   total 102400K, used 56613K [0x0000000081600000, 0x0000000100000000)
  region size 1024K, 1 young (1024K), 1 survivors (1024K)
 Metaspace       used 37809K, committed 38272K, reserved 1089536K
  class space    used 5295K, committed 5504K, reserved 1048576K
}
Event: 20.042 GC heap before
{Heap before GC invocations=17 (full 0):
 garbage-first heap   total 102400K, used 75045K [0x0000000081600000, 0x0000000100000000)
  region size 1024K, 19 young (19456K), 1 survivors (1024K)
 Metaspace       used 38030K, committed 38528K, reserved 1089536K
  class space    used 5304K, committed 5568K, reserved 1048576K
}
Event: 20.045 GC heap after
{Heap after GC invocations=18 (full 0):
 garbage-first heap   total 102400K, used 57687K [0x0000000081600000, 0x0000000100000000)
  region size 1024K, 2 young (2048K), 2 survivors (2048K)
 Metaspace       used 38030K, committed 38528K, reserved 1089536K
  class space    used 5304K, committed 5568K, reserved 1048576K
}
Event: 22.921 GC heap before
{Heap before GC invocations=19 (full 0):
 garbage-first heap   total 102400K, used 77143K [0x0000000081600000, 0x0000000100000000)
  region size 1024K, 21 young (21504K), 2 survivors (2048K)
 Metaspace       used 38175K, committed 38656K, reserved 1089536K
  class space    used 5315K, committed 5568K, reserved 1048576K
}
Event: 22.926 GC heap after
{Heap after GC invocations=20 (full 0):
 garbage-first heap   total 102400K, used 58910K [0x0000000081600000, 0x0000000100000000)
  region size 1024K, 3 young (3072K), 3 survivors (3072K)
 Metaspace       used 38175K, committed 38656K, reserved 1089536K
  class space    used 5315K, committed 5568K, reserved 1048576K
}
Event: 27.129 GC heap before
{Heap before GC invocations=20 (full 0):
 garbage-first heap   total 102400K, used 79390K [0x0000000081600000, 0x0000000100000000)
  region size 1024K, 23 young (23552K), 3 survivors (3072K)
 Metaspace       used 38463K, committed 39040K, reserved 1089536K
  class space    used 5354K, committed 5632K, reserved 1048576K
}
Event: 27.139 GC heap after
{Heap after GC invocations=21 (full 0):
 garbage-first heap   total 102400K, used 69694K [0x0000000081600000, 0x0000000100000000)
  region size 1024K, 3 young (3072K), 3 survivors (3072K)
 Metaspace       used 38463K, committed 39040K, reserved 1089536K
  class space    used 5354K, committed 5632K, reserved 1048576K
}
Event: 27.626 GC heap before
{Heap before GC invocations=22 (full 0):
 garbage-first heap   total 126976K, used 75838K [0x0000000081600000, 0x0000000100000000)
  region size 1024K, 13 young (13312K), 3 survivors (3072K)
 Metaspace       used 38510K, committed 39104K, reserved 1089536K
  class space    used 5354K, committed 5632K, reserved 1048576K
}
Event: 27.635 GC heap after
{Heap after GC invocations=23 (full 0):
 garbage-first heap   total 126976K, used 73728K [0x0000000081600000, 0x0000000100000000)
  region size 1024K, 2 young (2048K), 2 survivors (2048K)
 Metaspace       used 38510K, committed 39104K, reserved 1089536K
  class space    used 5354K, committed 5632K, reserved 1048576K
}
Event: 29.011 GC heap before
{Heap before GC invocations=23 (full 0):
 garbage-first heap   total 126976K, used 77824K [0x0000000081600000, 0x0000000100000000)
  region size 1024K, 6 young (6144K), 2 survivors (2048K)
 Metaspace       used 38626K, committed 39168K, reserved 1089536K
  class space    used 5355K, committed 5632K, reserved 1048576K
}
Event: 29.022 GC heap after
{Heap after GC invocations=24 (full 0):
 garbage-first heap   total 126976K, used 62903K [0x0000000081600000, 0x0000000100000000)
  region size 1024K, 1 young (1024K), 1 survivors (1024K)
 Metaspace       used 38626K, committed 39168K, reserved 1089536K
  class space    used 5355K, committed 5632K, reserved 1048576K
}
Event: 35.576 GC heap before
{Heap before GC invocations=24 (full 0):
 garbage-first heap   total 126976K, used 83383K [0x0000000081600000, 0x0000000100000000)
  region size 1024K, 21 young (21504K), 1 survivors (1024K)
 Metaspace       used 38791K, committed 39296K, reserved 1089536K
  class space    used 5375K, committed 5632K, reserved 1048576K
}
Event: 35.583 GC heap after
{Heap after GC invocations=25 (full 0):
 garbage-first heap   total 126976K, used 62631K [0x0000000081600000, 0x0000000100000000)
  region size 1024K, 1 young (1024K), 1 survivors (1024K)
 Metaspace       used 38791K, committed 39296K, reserved 1089536K
  class space    used 5375K, committed 5632K, reserved 1048576K
}

