# JRE version: Java(TM) SE Runtime Environment (16.0.1+9) (build 16.0.1+9-24)
# Java VM: Java HotSpot(TM) 64-Bit Server VM (16.0.1+9-24, mixed mode, sharing, tiered, compressed oops, compressed class ptrs, g1 gc, windows-amd64)
GC Precious Log:
 CPUs: 8 total, 8 available
 Memory: 8102M
 Large Page Support: Disabled
 NUMA Support: Disabled
 Compressed Oops: Enabled (32-bit)
 Heap Region Size: 1M
 Heap Min Capacity: 8M
 Heap Initial Capacity: 128M
 Heap Max Capacity: 2026M
 Pre-touch: Disabled
 Parallel Workers: 8
 Concurrent Workers: 2
 Concurrent Refinement Workers: 8
 Periodic GC: Disabled
Heap:
 garbage-first heap   total 350208K, used 207838K [0x0000000081600000, 0x0000000100000000)
  region size 1024K, 11 young (11264K), 5 survivors (5120K)
 Metaspace       used 38684K, committed 39232K, reserved 1089536K
  class space    used 5324K, committed 5568K, reserved 1048576K
GC Heap History (20 events):
Event: 14.323 GC heap before
{Heap before GC invocations=23 (full 0):
 garbage-first heap   total 331776K, used 214412K [0x0000000081600000, 0x0000000100000000)
  region size 1024K, 16 young (16384K), 4 survivors (4096K)
 Metaspace       used 37412K, committed 37952K, reserved 1081344K
  class space    used 5266K, committed 5504K, reserved 1048576K
}
Event: 14.341 GC heap after
{Heap after GC invocations=24 (full 0):
 garbage-first heap   total 331776K, used 188416K [0x0000000081600000, 0x0000000100000000)
  region size 1024K, 2 young (2048K), 2 survivors (2048K)
 Metaspace       used 37412K, committed 37952K, reserved 1081344K
  class space    used 5266K, committed 5504K, reserved 1048576K
}
Event: 15.012 GC heap before
{Heap before GC invocations=24 (full 0):
 garbage-first heap   total 331776K, used 229376K [0x0000000081600000, 0x0000000100000000)
  region size 1024K, 42 young (43008K), 2 survivors (2048K)
 Metaspace       used 37849K, committed 38400K, reserved 1089536K
  class space    used 5301K, committed 5568K, reserved 1048576K
}
Event: 15.021 GC heap after
{Heap after GC invocations=25 (full 0):
 garbage-first heap   total 331776K, used 199159K [0x0000000081600000, 0x0000000100000000)
  region size 1024K, 6 young (6144K), 6 survivors (6144K)
 Metaspace       used 37849K, committed 38400K, reserved 1089536K
  class space    used 5301K, committed 5568K, reserved 1048576K
}
Event: 16.019 GC heap before
{Heap before GC invocations=26 (full 0):
 garbage-first heap   total 347136K, used 238071K [0x0000000081600000, 0x0000000100000000)
  region size 1024K, 45 young (46080K), 6 survivors (6144K)
 Metaspace       used 38062K, committed 38656K, reserved 1089536K
  class space    used 5315K, committed 5568K, reserved 1048576K
}
Event: 16.025 GC heap after
{Heap after GC invocations=27 (full 0):
 garbage-first heap   total 347136K, used 202377K [0x0000000081600000, 0x0000000100000000)
  region size 1024K, 4 young (4096K), 4 survivors (4096K)
 Metaspace       used 38062K, committed 38656K, reserved 1089536K
  class space    used 5315K, committed 5568K, reserved 1048576K
}
Event: 16.993 GC heap before
{Heap before GC invocations=27 (full 0):
 garbage-first heap   total 347136K, used 250505K [0x0000000081600000, 0x0000000100000000)
  region size 1024K, 51 young (52224K), 4 survivors (4096K)
 Metaspace       used 38229K, committed 38784K, reserved 1089536K
  class space    used 5316K, committed 5568K, reserved 1048576K
}
Event: 16.996 GC heap after
{Heap after GC invocations=28 (full 0):
 garbage-first heap   total 347136K, used 202465K [0x0000000081600000, 0x0000000100000000)
  region size 1024K, 4 young (4096K), 4 survivors (4096K)
 Metaspace       used 38229K, committed 38784K, reserved 1089536K
  class space    used 5316K, committed 5568K, reserved 1048576K
}
Event: 17.845 GC heap before
{Heap before GC invocations=29 (full 0):
 garbage-first heap   total 347136K, used 255713K [0x0000000081600000, 0x0000000100000000)
  region size 1024K, 56 young (57344K), 4 survivors (4096K)
 Metaspace       used 38340K, committed 38848K, reserved 1089536K
  class space    used 5319K, committed 5568K, reserved 1048576K
}
Event: 17.848 GC heap after
{Heap after GC invocations=30 (full 0):
 garbage-first heap   total 347136K, used 202405K [0x0000000081600000, 0x0000000100000000)
  region size 1024K, 4 young (4096K), 4 survivors (4096K)
 Metaspace       used 38340K, committed 38848K, reserved 1089536K
  class space    used 5319K, committed 5568K, reserved 1048576K
}
Event: 18.645 GC heap before
{Heap before GC invocations=30 (full 0):
 garbage-first heap   total 347136K, used 261797K [0x0000000081600000, 0x0000000100000000)
  region size 1024K, 62 young (63488K), 4 survivors (4096K)
 Metaspace       used 38392K, committed 38912K, reserved 1089536K
  class space    used 5319K, committed 5568K, reserved 1048576K
}
Event: 18.648 GC heap after
{Heap after GC invocations=31 (full 0):
 garbage-first heap   total 347136K, used 202485K [0x0000000081600000, 0x0000000100000000)
  region size 1024K, 4 young (4096K), 4 survivors (4096K)
 Metaspace       used 38392K, committed 38912K, reserved 1089536K
  class space    used 5319K, committed 5568K, reserved 1048576K
}
Event: 19.616 GC heap before
{Heap before GC invocations=32 (full 0):
 garbage-first heap   total 347136K, used 277237K [0x0000000081600000, 0x0000000100000000)
  region size 1024K, 77 young (78848K), 4 survivors (4096K)
 Metaspace       used 38461K, committed 39040K, reserved 1089536K
  class space    used 5320K, committed 5568K, reserved 1048576K
}
Event: 19.619 GC heap after
{Heap after GC invocations=33 (full 0):
 garbage-first heap   total 347136K, used 202713K [0x0000000081600000, 0x0000000100000000)
  region size 1024K, 5 young (5120K), 5 survivors (5120K)
 Metaspace       used 38461K, committed 39040K, reserved 1089536K
  class space    used 5320K, committed 5568K, reserved 1048576K
}
Event: 20.633 GC heap before
{Heap before GC invocations=33 (full 0):
 garbage-first heap   total 347136K, used 283609K [0x0000000081600000, 0x0000000100000000)
  region size 1024K, 84 young (86016K), 5 survivors (5120K)
 Metaspace       used 38498K, committed 39040K, reserved 1089536K
  class space    used 5320K, committed 5568K, reserved 1048576K
}
Event: 20.636 GC heap after
{Heap after GC invocations=34 (full 0):
 garbage-first heap   total 347136K, used 202718K [0x0000000081600000, 0x0000000100000000)
  region size 1024K, 5 young (5120K), 5 survivors (5120K)
 Metaspace       used 38498K, committed 39040K, reserved 1089536K
  class space    used 5320K, committed 5568K, reserved 1048576K
}
Event: 22.161 GC heap before
{Heap before GC invocations=35 (full 0):
 garbage-first heap   total 350208K, used 289758K [0x0000000081600000, 0x0000000100000000)
  region size 1024K, 90 young (92160K), 5 survivors (5120K)
 Metaspace       used 38645K, committed 39168K, reserved 1089536K
  class space    used 5321K, committed 5568K, reserved 1048576K
}
Event: 22.164 GC heap after
{Heap after GC invocations=36 (full 0):
 garbage-first heap   total 350208K, used 202624K [0x0000000081600000, 0x0000000100000000)
  region size 1024K, 4 young (4096K), 4 survivors (4096K)
 Metaspace       used 38645K, committed 39168K, reserved 1089536K
  class space    used 5321K, committed 5568K, reserved 1048576K
}
Event: 23.693 GC heap before
{Heap before GC invocations=36 (full 0):
 garbage-first heap   total 350208K, used 296832K [0x0000000081600000, 0x0000000100000000)
  region size 1024K, 96 young (98304K), 4 survivors (4096K)
 Metaspace       used 38671K, committed 39232K, reserved 1089536K
  class space    used 5322K, committed 5568K, reserved 1048576K
}
Event: 23.697 GC heap after
{Heap after GC invocations=37 (full 0):
 garbage-first heap   total 350208K, used 202718K [0x0000000081600000, 0x0000000100000000)
  region size 1024K, 5 young (5120K), 5 survivors (5120K)
 Metaspace       used 38671K, committed 39232K, reserved 1089536K
  class space    used 5322K, committed 5568K, reserved 1048576K
}

